c:\users\cyber\documents\visual studio 2015\projects\ray tracing\debug\raytraceshadervs.cso
c:\users\cyber\documents\visual studio 2015\projects\ray tracing\debug\raytraceshaderps.cso
c:\users\cyber\documents\visual studio 2015\projects\ray tracing\debug\raytraceshadercs.cso
c:\users\cyber\documents\visual studio 2015\projects\ray tracing\debug\basichlsl11.pch
c:\users\cyber\documents\visual studio 2015\projects\ray tracing\debug\vc140.pdb
c:\users\cyber\documents\visual studio 2015\projects\ray tracing\debug\vc140.idb
c:\users\cyber\documents\visual studio 2015\projects\ray tracing\debug\dxut.obj
c:\users\cyber\documents\visual studio 2015\projects\ray tracing\debug\vc120.pdb
c:\users\cyber\documents\visual studio 2015\projects\ray tracing\debug\vc120.idb
c:\users\cyber\documents\visual studio 2015\projects\ray tracing\debug\basichlsl9.obj
c:\users\cyber\documents\visual studio 2015\projects\ray tracing\debug\basichlsl11.obj
c:\users\cyber\documents\visual studio 2015\projects\ray tracing\debug\sdkmisc.obj
c:\users\cyber\documents\visual studio 2015\projects\ray tracing\debug\sdkmesh.obj
c:\users\cyber\documents\visual studio 2015\projects\ray tracing\debug\dxutsettingsdlg.obj
c:\users\cyber\documents\visual studio 2015\projects\ray tracing\debug\dxutres.obj
c:\users\cyber\documents\visual studio 2015\projects\ray tracing\debug\dxutgui.obj
c:\users\cyber\documents\visual studio 2015\projects\ray tracing\debug\dxutcamera.obj
c:\users\cyber\documents\visual studio 2015\projects\ray tracing\debug\dxutmisc.obj
c:\users\cyber\documents\visual studio 2015\projects\ray tracing\debug\dxutdevice9.obj
c:\users\cyber\documents\visual studio 2015\projects\ray tracing\debug\dxutdevice11.obj
c:\users\cyber\documents\visual studio 2015\projects\ray tracing\debug\terrain.obj
c:\users\cyber\documents\visual studio 2015\projects\ray tracing\debug\squaregrid.obj
c:\users\cyber\documents\visual studio 2015\projects\ray tracing\debug\shadow.obj
c:\users\cyber\documents\visual studio 2015\projects\ray tracing\debug\shader.obj
c:\users\cyber\documents\visual studio 2015\projects\ray tracing\debug\objectfileloader.obj
c:\users\cyber\documents\visual studio 2015\projects\ray tracing\debug\gridmap.obj
c:\users\cyber\documents\visual studio 2015\projects\ray tracing\debug\collisions.obj
c:\users\cyber\documents\visual studio 2015\projects\ray tracing\debug\basichlsl11.ilk
c:\users\cyber\documents\visual studio 2015\projects\ray tracing\debug\basichlsl11.exe
c:\users\cyber\documents\visual studio 2015\projects\ray tracing\debug\basichlsl11.pdb
c:\users\cyber\documents\visual studio 2015\projects\ray tracing\debug\basichlsl11.res
c:\users\cyber\documents\visual studio 2015\projects\ray tracing\debug\basichlsl11.tlog\basichlsl11.write.1u.tlog
c:\users\cyber\documents\visual studio 2015\projects\ray tracing\debug\basichlsl11.tlog\cl.command.1.tlog
c:\users\cyber\documents\visual studio 2015\projects\ray tracing\debug\basichlsl11.tlog\cl.read.1.tlog
c:\users\cyber\documents\visual studio 2015\projects\ray tracing\debug\basichlsl11.tlog\cl.write.1.tlog
c:\users\cyber\documents\visual studio 2015\projects\ray tracing\debug\basichlsl11.tlog\fxc.command.1.tlog
c:\users\cyber\documents\visual studio 2015\projects\ray tracing\debug\basichlsl11.tlog\fxc.read.1.tlog
c:\users\cyber\documents\visual studio 2015\projects\ray tracing\debug\basichlsl11.tlog\fxc.write.1.tlog
c:\users\cyber\documents\visual studio 2015\projects\ray tracing\debug\basichlsl11.tlog\link.command.1.tlog
c:\users\cyber\documents\visual studio 2015\projects\ray tracing\debug\basichlsl11.tlog\link.read.1.tlog
c:\users\cyber\documents\visual studio 2015\projects\ray tracing\debug\basichlsl11.tlog\link.write.1.tlog
c:\users\cyber\documents\visual studio 2015\projects\ray tracing\debug\basichlsl11.tlog\rc.command.1.tlog
c:\users\cyber\documents\visual studio 2015\projects\ray tracing\debug\basichlsl11.tlog\rc.read.1.tlog
c:\users\cyber\documents\visual studio 2015\projects\ray tracing\debug\basichlsl11.tlog\rc.write.1.tlog
